<?xml version="1.0" encoding="UTF-8"?>
<!-- Generated by org.testng.reporters.JUnitXMLReporter -->
<testsuite hostname="LAPTOP-6L1LSAPB" ignored="0" name="Default test" tests="5" failures="0" timestamp="19 Jun 2020 22:54:44 GMT" time="22.404" errors="0">
  <testcase name="verifySignUpLink" time="6.027" classname="com.qa.hubspot.tests.LoginPageTest"/>
  <testcase name="verifyLoginPageTitleTest" time="0.012" classname="com.qa.hubspot.tests.LoginPageTest"/>
  <testcase name="verifyGooglebtnTest" time="3.057" classname="com.qa.hubspot.tests.LoginPageTest"/>
  <testcase name="verifySSOBtnTest" time="3.113" classname="com.qa.hubspot.tests.LoginPageTest"/>
  <testcase name="LoginTest" time="3.569" classname="com.qa.hubspot.tests.LoginPageTest"/>
</testsuite> <!-- Default test -->
